2024-08-28 18:45:45,816 - INFO - [31m[1mWARNING: This is a development server. Do not use it in a production deployment. Use a production WSGI server instead.[0m
 * Running on http://127.0.0.1:5000
2024-08-28 18:45:45,822 - INFO - [33mPress CTRL+C to quit[0m
2024-08-28 18:47:09,202 - INFO - [31m[1mWARNING: This is a development server. Do not use it in a production deployment. Use a production WSGI server instead.[0m
 * Running on http://127.0.0.1:5000
2024-08-28 18:47:09,203 - INFO - [33mPress CTRL+C to quit[0m
2024-08-28 18:47:16,398 - INFO - 127.0.0.1 - - [28/Aug/2024 18:47:16] "GET / HTTP/1.1" 200 -
2024-08-28 18:47:56,384 - INFO - [31m[1mWARNING: This is a development server. Do not use it in a production deployment. Use a production WSGI server instead.[0m
 * Running on http://127.0.0.1:5000
2024-08-28 18:47:56,388 - INFO - [33mPress CTRL+C to quit[0m
2024-08-28 18:48:19,863 - ERROR - Error in shorten_url route: (sqlite3.IntegrityError) NOT NULL constraint failed: url_mapping.short_url
[SQL: INSERT INTO url_mapping (long_url, short_url, created_at, expires_in) VALUES (?, ?, ?, ?)]
[parameters: ('www.google.com/values', None, '2024-08-28 18:48:19.822420', 10)]
(Background on this error at: https://sqlalche.me/e/20/gkpj)
Traceback (most recent call last):
  File "d:\UTD\UTDFall2024\URLShortner\env\lib\site-packages\sqlalchemy\engine\base.py", line 1967, in _exec_single_context
    self.dialect.do_execute(
  File "d:\UTD\UTDFall2024\URLShortner\env\lib\site-packages\sqlalchemy\engine\default.py", line 941, in do_execute
    cursor.execute(statement, parameters)
sqlite3.IntegrityError: NOT NULL constraint failed: url_mapping.short_url

The above exception was the direct cause of the following exception:

Traceback (most recent call last):
  File "D:\UTD\UTDFall2024\URLShortner\app.py", line 77, in shorten_url
    db.session.commit()
  File "d:\UTD\UTDFall2024\URLShortner\env\lib\site-packages\sqlalchemy\orm\scoping.py", line 597, in commit
    return self._proxied.commit()
  File "d:\UTD\UTDFall2024\URLShortner\env\lib\site-packages\sqlalchemy\orm\session.py", line 2028, in commit
    trans.commit(_to_root=True)
  File "<string>", line 2, in commit
  File "d:\UTD\UTDFall2024\URLShortner\env\lib\site-packages\sqlalchemy\orm\state_changes.py", line 139, in _go
    ret_value = fn(self, *arg, **kw)
  File "d:\UTD\UTDFall2024\URLShortner\env\lib\site-packages\sqlalchemy\orm\session.py", line 1313, in commit
    self._prepare_impl()
  File "<string>", line 2, in _prepare_impl
  File "d:\UTD\UTDFall2024\URLShortner\env\lib\site-packages\sqlalchemy\orm\state_changes.py", line 139, in _go
    ret_value = fn(self, *arg, **kw)
  File "d:\UTD\UTDFall2024\URLShortner\env\lib\site-packages\sqlalchemy\orm\session.py", line 1288, in _prepare_impl
    self.session.flush()
  File "d:\UTD\UTDFall2024\URLShortner\env\lib\site-packages\sqlalchemy\orm\session.py", line 4352, in flush
    self._flush(objects)
  File "d:\UTD\UTDFall2024\URLShortner\env\lib\site-packages\sqlalchemy\orm\session.py", line 4487, in _flush
    with util.safe_reraise():
  File "d:\UTD\UTDFall2024\URLShortner\env\lib\site-packages\sqlalchemy\util\langhelpers.py", line 146, in __exit__
    raise exc_value.with_traceback(exc_tb)
  File "d:\UTD\UTDFall2024\URLShortner\env\lib\site-packages\sqlalchemy\orm\session.py", line 4448, in _flush
    flush_context.execute()
  File "d:\UTD\UTDFall2024\URLShortner\env\lib\site-packages\sqlalchemy\orm\unitofwork.py", line 466, in execute
    rec.execute(self)
  File "d:\UTD\UTDFall2024\URLShortner\env\lib\site-packages\sqlalchemy\orm\unitofwork.py", line 642, in execute
    util.preloaded.orm_persistence.save_obj(
  File "d:\UTD\UTDFall2024\URLShortner\env\lib\site-packages\sqlalchemy\orm\persistence.py", line 93, in save_obj
    _emit_insert_statements(
  File "d:\UTD\UTDFall2024\URLShortner\env\lib\site-packages\sqlalchemy\orm\persistence.py", line 1233, in _emit_insert_statements
    result = connection.execute(
  File "d:\UTD\UTDFall2024\URLShortner\env\lib\site-packages\sqlalchemy\engine\base.py", line 1418, in execute
    return meth(
  File "d:\UTD\UTDFall2024\URLShortner\env\lib\site-packages\sqlalchemy\sql\elements.py", line 515, in _execute_on_connection
    return connection._execute_clauseelement(
  File "d:\UTD\UTDFall2024\URLShortner\env\lib\site-packages\sqlalchemy\engine\base.py", line 1640, in _execute_clauseelement
    ret = self._execute_context(
  File "d:\UTD\UTDFall2024\URLShortner\env\lib\site-packages\sqlalchemy\engine\base.py", line 1846, in _execute_context
    return self._exec_single_context(
  File "d:\UTD\UTDFall2024\URLShortner\env\lib\site-packages\sqlalchemy\engine\base.py", line 1986, in _exec_single_context
    self._handle_dbapi_exception(
  File "d:\UTD\UTDFall2024\URLShortner\env\lib\site-packages\sqlalchemy\engine\base.py", line 2355, in _handle_dbapi_exception
    raise sqlalchemy_exception.with_traceback(exc_info[2]) from e
  File "d:\UTD\UTDFall2024\URLShortner\env\lib\site-packages\sqlalchemy\engine\base.py", line 1967, in _exec_single_context
    self.dialect.do_execute(
  File "d:\UTD\UTDFall2024\URLShortner\env\lib\site-packages\sqlalchemy\engine\default.py", line 941, in do_execute
    cursor.execute(statement, parameters)
sqlalchemy.exc.IntegrityError: (sqlite3.IntegrityError) NOT NULL constraint failed: url_mapping.short_url
[SQL: INSERT INTO url_mapping (long_url, short_url, created_at, expires_in) VALUES (?, ?, ?, ?)]
[parameters: ('www.google.com/values', None, '2024-08-28 18:48:19.822420', 10)]
(Background on this error at: https://sqlalche.me/e/20/gkpj)

2024-08-28 18:48:19,873 - INFO - 127.0.0.1 - - [28/Aug/2024 18:48:19] "[35m[1mPOST /shorten HTTP/1.1[0m" 500 -
2024-08-28 18:49:00,218 - ERROR - Error in shorten_url route: (sqlite3.IntegrityError) NOT NULL constraint failed: url_mapping.short_url
[SQL: INSERT INTO url_mapping (long_url, short_url, created_at, expires_in) VALUES (?, ?, ?, ?)]
[parameters: ('www.google.com/values', None, '2024-08-28 18:48:57.686651', 10)]
(Background on this error at: https://sqlalche.me/e/20/gkpj)
Traceback (most recent call last):
  File "d:\UTD\UTDFall2024\URLShortner\env\lib\site-packages\sqlalchemy\engine\base.py", line 1967, in _exec_single_context
    self.dialect.do_execute(
  File "d:\UTD\UTDFall2024\URLShortner\env\lib\site-packages\sqlalchemy\engine\default.py", line 941, in do_execute
    cursor.execute(statement, parameters)
sqlite3.IntegrityError: NOT NULL constraint failed: url_mapping.short_url

The above exception was the direct cause of the following exception:

Traceback (most recent call last):
  File "D:\UTD\UTDFall2024\URLShortner\app.py", line 77, in shorten_url
    db.session.commit()
  File "d:\UTD\UTDFall2024\URLShortner\env\lib\site-packages\sqlalchemy\orm\scoping.py", line 597, in commit
    return self._proxied.commit()
  File "d:\UTD\UTDFall2024\URLShortner\env\lib\site-packages\sqlalchemy\orm\session.py", line 2028, in commit
    trans.commit(_to_root=True)
  File "<string>", line 2, in commit
  File "d:\UTD\UTDFall2024\URLShortner\env\lib\site-packages\sqlalchemy\orm\state_changes.py", line 139, in _go
    ret_value = fn(self, *arg, **kw)
  File "d:\UTD\UTDFall2024\URLShortner\env\lib\site-packages\sqlalchemy\orm\session.py", line 1313, in commit
    self._prepare_impl()
  File "<string>", line 2, in _prepare_impl
  File "d:\UTD\UTDFall2024\URLShortner\env\lib\site-packages\sqlalchemy\orm\state_changes.py", line 139, in _go
    ret_value = fn(self, *arg, **kw)
  File "d:\UTD\UTDFall2024\URLShortner\env\lib\site-packages\sqlalchemy\orm\session.py", line 1288, in _prepare_impl
    self.session.flush()
  File "d:\UTD\UTDFall2024\URLShortner\env\lib\site-packages\sqlalchemy\orm\session.py", line 4352, in flush
    self._flush(objects)
  File "d:\UTD\UTDFall2024\URLShortner\env\lib\site-packages\sqlalchemy\orm\session.py", line 4487, in _flush
    with util.safe_reraise():
  File "d:\UTD\UTDFall2024\URLShortner\env\lib\site-packages\sqlalchemy\util\langhelpers.py", line 146, in __exit__
    raise exc_value.with_traceback(exc_tb)
  File "d:\UTD\UTDFall2024\URLShortner\env\lib\site-packages\sqlalchemy\orm\session.py", line 4448, in _flush
    flush_context.execute()
  File "d:\UTD\UTDFall2024\URLShortner\env\lib\site-packages\sqlalchemy\orm\unitofwork.py", line 466, in execute
    rec.execute(self)
  File "d:\UTD\UTDFall2024\URLShortner\env\lib\site-packages\sqlalchemy\orm\unitofwork.py", line 642, in execute
    util.preloaded.orm_persistence.save_obj(
  File "d:\UTD\UTDFall2024\URLShortner\env\lib\site-packages\sqlalchemy\orm\persistence.py", line 93, in save_obj
    _emit_insert_statements(
  File "d:\UTD\UTDFall2024\URLShortner\env\lib\site-packages\sqlalchemy\orm\persistence.py", line 1233, in _emit_insert_statements
    result = connection.execute(
  File "d:\UTD\UTDFall2024\URLShortner\env\lib\site-packages\sqlalchemy\engine\base.py", line 1418, in execute
    return meth(
  File "d:\UTD\UTDFall2024\URLShortner\env\lib\site-packages\sqlalchemy\sql\elements.py", line 515, in _execute_on_connection
    return connection._execute_clauseelement(
  File "d:\UTD\UTDFall2024\URLShortner\env\lib\site-packages\sqlalchemy\engine\base.py", line 1640, in _execute_clauseelement
    ret = self._execute_context(
  File "d:\UTD\UTDFall2024\URLShortner\env\lib\site-packages\sqlalchemy\engine\base.py", line 1846, in _execute_context
    return self._exec_single_context(
  File "d:\UTD\UTDFall2024\URLShortner\env\lib\site-packages\sqlalchemy\engine\base.py", line 1986, in _exec_single_context
    self._handle_dbapi_exception(
  File "d:\UTD\UTDFall2024\URLShortner\env\lib\site-packages\sqlalchemy\engine\base.py", line 2355, in _handle_dbapi_exception
    raise sqlalchemy_exception.with_traceback(exc_info[2]) from e
  File "d:\UTD\UTDFall2024\URLShortner\env\lib\site-packages\sqlalchemy\engine\base.py", line 1967, in _exec_single_context
    self.dialect.do_execute(
  File "d:\UTD\UTDFall2024\URLShortner\env\lib\site-packages\sqlalchemy\engine\default.py", line 941, in do_execute
    cursor.execute(statement, parameters)
sqlalchemy.exc.IntegrityError: (sqlite3.IntegrityError) NOT NULL constraint failed: url_mapping.short_url
[SQL: INSERT INTO url_mapping (long_url, short_url, created_at, expires_in) VALUES (?, ?, ?, ?)]
[parameters: ('www.google.com/values', None, '2024-08-28 18:48:57.686651', 10)]
(Background on this error at: https://sqlalche.me/e/20/gkpj)

2024-08-28 18:50:51,588 - INFO - [31m[1mWARNING: This is a development server. Do not use it in a production deployment. Use a production WSGI server instead.[0m
 * Running on http://127.0.0.1:5000
2024-08-28 18:50:51,588 - INFO - [33mPress CTRL+C to quit[0m
2024-08-28 18:53:37,963 - INFO - [31m[1mWARNING: This is a development server. Do not use it in a production deployment. Use a production WSGI server instead.[0m
 * Running on http://127.0.0.1:5000
2024-08-28 18:53:37,966 - INFO - [33mPress CTRL+C to quit[0m
2024-08-28 18:53:45,376 - ERROR - Error in shorten_url route: (sqlite3.IntegrityError) NOT NULL constraint failed: url_mapping.short_url
[SQL: INSERT INTO url_mapping (long_url, short_url, created_at, expires_in) VALUES (?, ?, ?, ?)]
[parameters: ('www.google.com/values', None, '2024-08-28 18:53:45.351478', 3600)]
(Background on this error at: https://sqlalche.me/e/20/gkpj)
Traceback (most recent call last):
  File "d:\UTD\UTDFall2024\URLShortner\env\lib\site-packages\sqlalchemy\engine\base.py", line 1967, in _exec_single_context
    self.dialect.do_execute(
  File "d:\UTD\UTDFall2024\URLShortner\env\lib\site-packages\sqlalchemy\engine\default.py", line 941, in do_execute
    cursor.execute(statement, parameters)
sqlite3.IntegrityError: NOT NULL constraint failed: url_mapping.short_url

The above exception was the direct cause of the following exception:

Traceback (most recent call last):
  File "D:\UTD\UTDFall2024\URLShortner\app.py", line 77, in shorten_url
    db.session.flush()  # This will assign an ID to the url_mapping object without committing to the database
  File "d:\UTD\UTDFall2024\URLShortner\env\lib\site-packages\sqlalchemy\orm\scoping.py", line 937, in flush
    return self._proxied.flush(objects=objects)
  File "d:\UTD\UTDFall2024\URLShortner\env\lib\site-packages\sqlalchemy\orm\session.py", line 4352, in flush
    self._flush(objects)
  File "d:\UTD\UTDFall2024\URLShortner\env\lib\site-packages\sqlalchemy\orm\session.py", line 4487, in _flush
    with util.safe_reraise():
  File "d:\UTD\UTDFall2024\URLShortner\env\lib\site-packages\sqlalchemy\util\langhelpers.py", line 146, in __exit__
    raise exc_value.with_traceback(exc_tb)
  File "d:\UTD\UTDFall2024\URLShortner\env\lib\site-packages\sqlalchemy\orm\session.py", line 4448, in _flush
    flush_context.execute()
  File "d:\UTD\UTDFall2024\URLShortner\env\lib\site-packages\sqlalchemy\orm\unitofwork.py", line 466, in execute
    rec.execute(self)
  File "d:\UTD\UTDFall2024\URLShortner\env\lib\site-packages\sqlalchemy\orm\unitofwork.py", line 642, in execute
    util.preloaded.orm_persistence.save_obj(
  File "d:\UTD\UTDFall2024\URLShortner\env\lib\site-packages\sqlalchemy\orm\persistence.py", line 93, in save_obj
    _emit_insert_statements(
  File "d:\UTD\UTDFall2024\URLShortner\env\lib\site-packages\sqlalchemy\orm\persistence.py", line 1233, in _emit_insert_statements
    result = connection.execute(
  File "d:\UTD\UTDFall2024\URLShortner\env\lib\site-packages\sqlalchemy\engine\base.py", line 1418, in execute
    return meth(
  File "d:\UTD\UTDFall2024\URLShortner\env\lib\site-packages\sqlalchemy\sql\elements.py", line 515, in _execute_on_connection
    return connection._execute_clauseelement(
  File "d:\UTD\UTDFall2024\URLShortner\env\lib\site-packages\sqlalchemy\engine\base.py", line 1640, in _execute_clauseelement
    ret = self._execute_context(
  File "d:\UTD\UTDFall2024\URLShortner\env\lib\site-packages\sqlalchemy\engine\base.py", line 1846, in _execute_context
    return self._exec_single_context(
  File "d:\UTD\UTDFall2024\URLShortner\env\lib\site-packages\sqlalchemy\engine\base.py", line 1986, in _exec_single_context
    self._handle_dbapi_exception(
  File "d:\UTD\UTDFall2024\URLShortner\env\lib\site-packages\sqlalchemy\engine\base.py", line 2355, in _handle_dbapi_exception
    raise sqlalchemy_exception.with_traceback(exc_info[2]) from e
  File "d:\UTD\UTDFall2024\URLShortner\env\lib\site-packages\sqlalchemy\engine\base.py", line 1967, in _exec_single_context
    self.dialect.do_execute(
  File "d:\UTD\UTDFall2024\URLShortner\env\lib\site-packages\sqlalchemy\engine\default.py", line 941, in do_execute
    cursor.execute(statement, parameters)
sqlalchemy.exc.IntegrityError: (sqlite3.IntegrityError) NOT NULL constraint failed: url_mapping.short_url
[SQL: INSERT INTO url_mapping (long_url, short_url, created_at, expires_in) VALUES (?, ?, ?, ?)]
[parameters: ('www.google.com/values', None, '2024-08-28 18:53:45.351478', 3600)]
(Background on this error at: https://sqlalche.me/e/20/gkpj)

2024-08-28 18:53:45,380 - INFO - 127.0.0.1 - - [28/Aug/2024 18:53:45] "[35m[1mPOST /shorten HTTP/1.1[0m" 500 -
2024-08-28 18:54:06,254 - INFO - [31m[1mWARNING: This is a development server. Do not use it in a production deployment. Use a production WSGI server instead.[0m
 * Running on http://127.0.0.1:5000
2024-08-28 18:54:06,271 - INFO - [33mPress CTRL+C to quit[0m
2024-08-28 18:54:15,444 - ERROR - Error in shorten_url route: (sqlite3.IntegrityError) NOT NULL constraint failed: url_mapping.short_url
[SQL: INSERT INTO url_mapping (long_url, short_url, created_at, expires_in) VALUES (?, ?, ?, ?)]
[parameters: ('www.google.com/values', None, '2024-08-28 18:54:15.424477', 3600)]
(Background on this error at: https://sqlalche.me/e/20/gkpj)
Traceback (most recent call last):
  File "d:\UTD\UTDFall2024\URLShortner\env\lib\site-packages\sqlalchemy\engine\base.py", line 1967, in _exec_single_context
    self.dialect.do_execute(
  File "d:\UTD\UTDFall2024\URLShortner\env\lib\site-packages\sqlalchemy\engine\default.py", line 941, in do_execute
    cursor.execute(statement, parameters)
sqlite3.IntegrityError: NOT NULL constraint failed: url_mapping.short_url

The above exception was the direct cause of the following exception:

Traceback (most recent call last):
  File "D:\UTD\UTDFall2024\URLShortner\app.py", line 77, in shorten_url
    db.session.flush()  # This will assign an ID to the url_mapping object without committing to the database
  File "d:\UTD\UTDFall2024\URLShortner\env\lib\site-packages\sqlalchemy\orm\scoping.py", line 937, in flush
    return self._proxied.flush(objects=objects)
  File "d:\UTD\UTDFall2024\URLShortner\env\lib\site-packages\sqlalchemy\orm\session.py", line 4352, in flush
    self._flush(objects)
  File "d:\UTD\UTDFall2024\URLShortner\env\lib\site-packages\sqlalchemy\orm\session.py", line 4487, in _flush
    with util.safe_reraise():
  File "d:\UTD\UTDFall2024\URLShortner\env\lib\site-packages\sqlalchemy\util\langhelpers.py", line 146, in __exit__
    raise exc_value.with_traceback(exc_tb)
  File "d:\UTD\UTDFall2024\URLShortner\env\lib\site-packages\sqlalchemy\orm\session.py", line 4448, in _flush
    flush_context.execute()
  File "d:\UTD\UTDFall2024\URLShortner\env\lib\site-packages\sqlalchemy\orm\unitofwork.py", line 466, in execute
    rec.execute(self)
  File "d:\UTD\UTDFall2024\URLShortner\env\lib\site-packages\sqlalchemy\orm\unitofwork.py", line 642, in execute
    util.preloaded.orm_persistence.save_obj(
  File "d:\UTD\UTDFall2024\URLShortner\env\lib\site-packages\sqlalchemy\orm\persistence.py", line 93, in save_obj
    _emit_insert_statements(
  File "d:\UTD\UTDFall2024\URLShortner\env\lib\site-packages\sqlalchemy\orm\persistence.py", line 1233, in _emit_insert_statements
    result = connection.execute(
  File "d:\UTD\UTDFall2024\URLShortner\env\lib\site-packages\sqlalchemy\engine\base.py", line 1418, in execute
    return meth(
  File "d:\UTD\UTDFall2024\URLShortner\env\lib\site-packages\sqlalchemy\sql\elements.py", line 515, in _execute_on_connection
    return connection._execute_clauseelement(
  File "d:\UTD\UTDFall2024\URLShortner\env\lib\site-packages\sqlalchemy\engine\base.py", line 1640, in _execute_clauseelement
    ret = self._execute_context(
  File "d:\UTD\UTDFall2024\URLShortner\env\lib\site-packages\sqlalchemy\engine\base.py", line 1846, in _execute_context
    return self._exec_single_context(
  File "d:\UTD\UTDFall2024\URLShortner\env\lib\site-packages\sqlalchemy\engine\base.py", line 1986, in _exec_single_context
    self._handle_dbapi_exception(
  File "d:\UTD\UTDFall2024\URLShortner\env\lib\site-packages\sqlalchemy\engine\base.py", line 2355, in _handle_dbapi_exception
    raise sqlalchemy_exception.with_traceback(exc_info[2]) from e
  File "d:\UTD\UTDFall2024\URLShortner\env\lib\site-packages\sqlalchemy\engine\base.py", line 1967, in _exec_single_context
    self.dialect.do_execute(
  File "d:\UTD\UTDFall2024\URLShortner\env\lib\site-packages\sqlalchemy\engine\default.py", line 941, in do_execute
    cursor.execute(statement, parameters)
sqlalchemy.exc.IntegrityError: (sqlite3.IntegrityError) NOT NULL constraint failed: url_mapping.short_url
[SQL: INSERT INTO url_mapping (long_url, short_url, created_at, expires_in) VALUES (?, ?, ?, ?)]
[parameters: ('www.google.com/values', None, '2024-08-28 18:54:15.424477', 3600)]
(Background on this error at: https://sqlalche.me/e/20/gkpj)

2024-08-28 18:54:15,454 - INFO - 127.0.0.1 - - [28/Aug/2024 18:54:15] "[35m[1mPOST /shorten HTTP/1.1[0m" 500 -
2024-08-28 18:55:50,037 - INFO - [31m[1mWARNING: This is a development server. Do not use it in a production deployment. Use a production WSGI server instead.[0m
 * Running on http://127.0.0.1:5000
2024-08-28 18:55:50,041 - INFO - [33mPress CTRL+C to quit[0m
2024-08-28 19:00:34,686 - INFO - [31m[1mWARNING: This is a development server. Do not use it in a production deployment. Use a production WSGI server instead.[0m
 * Running on http://127.0.0.1:5000
2024-08-28 19:00:34,687 - INFO - [33mPress CTRL+C to quit[0m
2024-08-28 19:03:00,514 - INFO - [31m[1mWARNING: This is a development server. Do not use it in a production deployment. Use a production WSGI server instead.[0m
 * Running on http://127.0.0.1:5000
2024-08-28 19:03:00,516 - INFO - [33mPress CTRL+C to quit[0m
2024-08-28 19:03:40,022 - INFO - 127.0.0.1 - - [28/Aug/2024 19:03:40] "POST /shorten HTTP/1.1" 200 -
2024-08-28 19:03:47,581 - INFO - 127.0.0.1 - - [28/Aug/2024 19:03:47] "[32mGET /1 HTTP/1.1[0m" 302 -
2024-08-28 19:03:47,602 - INFO - 127.0.0.1 - - [28/Aug/2024 19:03:47] "[33mGET /www.google.com/values HTTP/1.1[0m" 404 -
2024-08-28 19:13:08,676 - INFO - [31m[1mWARNING: This is a development server. Do not use it in a production deployment. Use a production WSGI server instead.[0m
 * Running on http://127.0.0.1:5000
2024-08-28 19:13:08,678 - INFO - [33mPress CTRL+C to quit[0m
2024-08-28 19:13:17,659 - INFO - 127.0.0.1 - - [28/Aug/2024 19:13:17] "POST /shorten HTTP/1.1" 200 -
2024-08-28 19:13:24,130 - INFO - 127.0.0.1 - - [28/Aug/2024 19:13:24] "[32mGET /2 HTTP/1.1[0m" 302 -
2024-08-28 19:13:24,226 - INFO - 127.0.0.1 - - [28/Aug/2024 19:13:24] "[33mGET /www.google.com/values HTTP/1.1[0m" 404 -
2024-08-28 19:14:04,826 - INFO - [31m[1mWARNING: This is a development server. Do not use it in a production deployment. Use a production WSGI server instead.[0m
 * Running on http://127.0.0.1:5000
2024-08-28 19:14:04,827 - INFO - [33mPress CTRL+C to quit[0m
2024-08-28 19:14:16,289 - INFO - 127.0.0.1 - - [28/Aug/2024 19:14:16] "[32mGET /2 HTTP/1.1[0m" 302 -
2024-08-28 19:14:58,306 - INFO - 127.0.0.1 - - [28/Aug/2024 19:14:58] "[32mGET /2 HTTP/1.1[0m" 302 -
2024-08-28 19:15:08,047 - INFO - 127.0.0.1 - - [28/Aug/2024 19:15:08] "POST /shorten HTTP/1.1" 200 -
2024-08-28 19:15:08,146 - INFO - 127.0.0.1 - - [28/Aug/2024 19:15:08] "POST /shorten HTTP/1.1" 200 -
2024-08-28 19:15:08,287 - INFO - 127.0.0.1 - - [28/Aug/2024 19:15:08] "POST /shorten HTTP/1.1" 200 -
2024-08-28 19:15:14,391 - INFO - 127.0.0.1 - - [28/Aug/2024 19:15:14] "[32mGET /5 HTTP/1.1[0m" 302 -
2024-08-28 19:16:07,483 - INFO - 127.0.0.1 - - [28/Aug/2024 19:16:07] "POST /shorten HTTP/1.1" 200 -
2024-08-28 19:16:07,591 - INFO - 127.0.0.1 - - [28/Aug/2024 19:16:07] "POST /shorten HTTP/1.1" 200 -
2024-08-28 19:16:13,232 - INFO - 127.0.0.1 - - [28/Aug/2024 19:16:13] "[32mGET /7 HTTP/1.1[0m" 302 -
2024-08-28 19:17:42,804 - INFO - 127.0.0.1 - - [28/Aug/2024 19:17:42] "POST /shorten HTTP/1.1" 200 -
2024-08-28 19:17:47,706 - INFO - 127.0.0.1 - - [28/Aug/2024 19:17:47] "[32mGET /8 HTTP/1.1[0m" 302 -
2024-08-28 19:28:55,558 - INFO - [31m[1mWARNING: This is a development server. Do not use it in a production deployment. Use a production WSGI server instead.[0m
 * Running on http://127.0.0.1:5000
2024-08-28 19:28:55,565 - INFO - [33mPress CTRL+C to quit[0m
2024-08-28 19:29:24,028 - INFO - 127.0.0.1 - - [28/Aug/2024 19:29:24] "POST /shorten HTTP/1.1" 200 -
2024-08-28 19:29:27,632 - INFO - 127.0.0.1 - - [28/Aug/2024 19:29:27] "[32mGET /9 HTTP/1.1[0m" 302 -
2024-08-28 19:34:03,749 - INFO - [31m[1mWARNING: This is a development server. Do not use it in a production deployment. Use a production WSGI server instead.[0m
 * Running on http://127.0.0.1:5000
2024-08-28 19:34:03,750 - INFO - [33mPress CTRL+C to quit[0m
2024-08-28 19:34:20,146 - INFO - [31m[1mWARNING: This is a development server. Do not use it in a production deployment. Use a production WSGI server instead.[0m
 * Running on http://127.0.0.1:5000
2024-08-28 19:34:20,151 - INFO - [33mPress CTRL+C to quit[0m
2024-08-28 19:34:26,230 - INFO - 127.0.0.1 - - [28/Aug/2024 19:34:26] "POST /shorten HTTP/1.1" 200 -
2024-08-28 19:35:05,596 - INFO - 127.0.0.1 - - [28/Aug/2024 19:35:05] "POST /shorten HTTP/1.1" 200 -
2024-08-28 19:35:36,883 - INFO - 127.0.0.1 - - [28/Aug/2024 19:35:36] "[31m[1mGET /b HTTP/1.1[0m" 410 -
2024-08-28 19:35:36,890 - INFO - 127.0.0.1 - - [28/Aug/2024 19:35:36] "[31m[1mGET /a HTTP/1.1[0m" 410 -
2024-08-28 19:36:18,259 - INFO - 127.0.0.1 - - [28/Aug/2024 19:36:18] "POST /shorten HTTP/1.1" 200 -
2024-08-28 19:36:43,450 - INFO - [31m[1mWARNING: This is a development server. Do not use it in a production deployment. Use a production WSGI server instead.[0m
 * Running on http://127.0.0.1:5000
2024-08-28 19:36:43,452 - INFO - [33mPress CTRL+C to quit[0m
2024-08-28 19:37:17,497 - INFO - 127.0.0.1 - - [28/Aug/2024 19:37:17] "POST /shorten HTTP/1.1" 200 -
2024-08-28 19:37:21,606 - INFO - 127.0.0.1 - - [28/Aug/2024 19:37:21] "[32mGET /d HTTP/1.1[0m" 302 -
2024-08-28 19:37:21,682 - INFO - 127.0.0.1 - - [28/Aug/2024 19:37:21] "[33mGET /www.realop.com HTTP/1.1[0m" 404 -
2024-08-28 19:38:03,782 - INFO - 127.0.0.1 - - [28/Aug/2024 19:38:03] "POST /shorten HTTP/1.1" 200 -
2024-08-28 19:38:06,669 - INFO - 127.0.0.1 - - [28/Aug/2024 19:38:06] "[32mGET /e HTTP/1.1[0m" 302 -
2024-08-28 19:38:29,657 - INFO - 127.0.0.1 - - [28/Aug/2024 19:38:29] "POST /shorten HTTP/1.1" 200 -
2024-08-28 19:38:30,852 - INFO - 127.0.0.1 - - [28/Aug/2024 19:38:30] "[32mGET /f HTTP/1.1[0m" 302 -
2024-08-28 19:38:40,723 - INFO - 127.0.0.1 - - [28/Aug/2024 19:38:40] "POST /shorten HTTP/1.1" 200 -
2024-08-28 19:38:42,943 - INFO - 127.0.0.1 - - [28/Aug/2024 19:38:42] "[32mGET /g HTTP/1.1[0m" 302 -
2024-08-28 19:39:54,320 - INFO - 127.0.0.1 - - [28/Aug/2024 19:39:54] "POST /shorten HTTP/1.1" 200 -
2024-08-28 19:41:35,361 - INFO - [31m[1mWARNING: This is a development server. Do not use it in a production deployment. Use a production WSGI server instead.[0m
 * Running on http://127.0.0.1:5000
2024-08-28 19:41:35,362 - INFO - [33mPress CTRL+C to quit[0m
2024-08-28 19:51:58,884 - INFO - [31m[1mWARNING: This is a development server. Do not use it in a production deployment. Use a production WSGI server instead.[0m
 * Running on http://127.0.0.1:5000
2024-08-28 19:51:58,885 - INFO - [33mPress CTRL+C to quit[0m
2024-08-28 19:51:59,442 - INFO - 127.0.0.1 - - [28/Aug/2024 19:51:59] "[31m[1mGET /h HTTP/1.1[0m" 410 -
2024-08-28 19:52:30,828 - INFO - [31m[1mWARNING: This is a development server. Do not use it in a production deployment. Use a production WSGI server instead.[0m
 * Running on http://127.0.0.1:5000
2024-08-28 19:52:30,831 - INFO - [33mPress CTRL+C to quit[0m
2024-08-28 19:52:47,358 - INFO - 127.0.0.1 - - [28/Aug/2024 19:52:47] "POST /shorten HTTP/1.1" 200 -
2024-08-28 19:52:50,909 - INFO - 127.0.0.1 - - [28/Aug/2024 19:52:50] "[32mGET /i HTTP/1.1[0m" 302 -
2024-08-28 19:53:05,744 - INFO - 127.0.0.1 - - [28/Aug/2024 19:53:05] "POST /shorten HTTP/1.1" 200 -
2024-08-28 19:53:08,032 - INFO - 127.0.0.1 - - [28/Aug/2024 19:53:08] "[32mGET /j HTTP/1.1[0m" 302 -
2024-08-28 19:53:22,938 - INFO - 127.0.0.1 - - [28/Aug/2024 19:53:22] "POST /shorten HTTP/1.1" 200 -
2024-08-28 19:53:30,439 - INFO - 127.0.0.1 - - [28/Aug/2024 19:53:30] "[32mGET /k HTTP/1.1[0m" 302 -
2024-08-28 19:53:39,249 - INFO - 127.0.0.1 - - [28/Aug/2024 19:53:39] "POST /shorten HTTP/1.1" 200 -
2024-08-28 19:53:41,049 - INFO - 127.0.0.1 - - [28/Aug/2024 19:53:41] "[32mGET /l HTTP/1.1[0m" 302 -
2024-08-28 19:57:29,340 - INFO - [31m[1mWARNING: This is a development server. Do not use it in a production deployment. Use a production WSGI server instead.[0m
 * Running on http://127.0.0.1:5000
2024-08-28 19:57:29,343 - INFO - [33mPress CTRL+C to quit[0m
2024-08-28 19:57:33,913 - INFO - 127.0.0.1 - - [28/Aug/2024 19:57:33] "POST /shorten HTTP/1.1" 200 -
2024-08-28 19:57:38,646 - INFO - 127.0.0.1 - - [28/Aug/2024 19:57:38] "[32mGET /m HTTP/1.1[0m" 302 -
2024-08-28 19:57:45,617 - INFO - 127.0.0.1 - - [28/Aug/2024 19:57:45] "POST /shorten HTTP/1.1" 200 -
2024-08-28 19:57:53,945 - INFO - 127.0.0.1 - - [28/Aug/2024 19:57:53] "POST /shorten HTTP/1.1" 200 -
2024-08-28 19:57:54,835 - INFO - 127.0.0.1 - - [28/Aug/2024 19:57:54] "POST /shorten HTTP/1.1" 200 -
2024-08-28 19:57:55,231 - INFO - 127.0.0.1 - - [28/Aug/2024 19:57:55] "POST /shorten HTTP/1.1" 200 -
2024-08-28 19:57:55,586 - INFO - 127.0.0.1 - - [28/Aug/2024 19:57:55] "POST /shorten HTTP/1.1" 200 -
2024-08-28 19:57:56,083 - INFO - 127.0.0.1 - - [28/Aug/2024 19:57:56] "POST /shorten HTTP/1.1" 200 -
2024-08-28 19:57:57,710 - INFO - 127.0.0.1 - - [28/Aug/2024 19:57:57] "POST /shorten HTTP/1.1" 200 -
2024-08-28 19:57:57,883 - INFO - 127.0.0.1 - - [28/Aug/2024 19:57:57] "POST /shorten HTTP/1.1" 200 -
2024-08-28 19:57:58,063 - INFO - 127.0.0.1 - - [28/Aug/2024 19:57:58] "POST /shorten HTTP/1.1" 200 -
2024-08-28 19:57:58,224 - INFO - 127.0.0.1 - - [28/Aug/2024 19:57:58] "POST /shorten HTTP/1.1" 200 -
2024-08-28 19:57:58,396 - INFO - 127.0.0.1 - - [28/Aug/2024 19:57:58] "POST /shorten HTTP/1.1" 200 -
2024-08-28 20:14:57,267 - INFO - [31m[1mWARNING: This is a development server. Do not use it in a production deployment. Use a production WSGI server instead.[0m
 * Running on http://127.0.0.1:5000
2024-08-28 20:14:57,270 - INFO - [33mPress CTRL+C to quit[0m
2024-08-28 20:15:19,054 - ERROR - Error in shorten_url route: Can't resolve label reference for ORDER BY / GROUP BY / DISTINCT etc. Textual SQL expression '-created_at' should be explicitly declared as text('-created_at')
Traceback (most recent call last):
  File "d:\UTD\UTDFall2024\URLShortner\env\lib\site-packages\sqlalchemy\sql\compiler.py", line 2499, in visit_textual_label_reference
    col = with_cols[element.element]
KeyError: '-created_at'

The above exception was the direct cause of the following exception:

Traceback (most recent call last):
  File "D:\UTD\UTDFall2024\URLShortner\app.py", line 100, in shorten_url
    existing_mapping = URLMapping.query.filter_by(long_url=normalized_url).order_by('-created_at').first()
  File "d:\UTD\UTDFall2024\URLShortner\env\lib\site-packages\sqlalchemy\orm\query.py", line 2728, in first
    return self.limit(1)._iter().first()  # type: ignore
  File "d:\UTD\UTDFall2024\URLShortner\env\lib\site-packages\sqlalchemy\orm\query.py", line 2827, in _iter
    result: Union[ScalarResult[_T], Result[_T]] = self.session.execute(
  File "d:\UTD\UTDFall2024\URLShortner\env\lib\site-packages\sqlalchemy\orm\session.py", line 2362, in execute
    return self._execute_internal(
  File "d:\UTD\UTDFall2024\URLShortner\env\lib\site-packages\sqlalchemy\orm\session.py", line 2247, in _execute_internal
    result: Result[Any] = compile_state_cls.orm_execute_statement(
  File "d:\UTD\UTDFall2024\URLShortner\env\lib\site-packages\sqlalchemy\orm\context.py", line 293, in orm_execute_statement
    result = conn.execute(
  File "d:\UTD\UTDFall2024\URLShortner\env\lib\site-packages\sqlalchemy\engine\base.py", line 1418, in execute
    return meth(
  File "d:\UTD\UTDFall2024\URLShortner\env\lib\site-packages\sqlalchemy\sql\elements.py", line 515, in _execute_on_connection
    return connection._execute_clauseelement(
  File "d:\UTD\UTDFall2024\URLShortner\env\lib\site-packages\sqlalchemy\engine\base.py", line 1632, in _execute_clauseelement
    compiled_sql, extracted_params, cache_hit = elem._compile_w_cache(
  File "d:\UTD\UTDFall2024\URLShortner\env\lib\site-packages\sqlalchemy\sql\elements.py", line 703, in _compile_w_cache
    compiled_sql = self._compiler(
  File "d:\UTD\UTDFall2024\URLShortner\env\lib\site-packages\sqlalchemy\sql\elements.py", line 316, in _compiler
    return dialect.statement_compiler(dialect, self, **kw)
  File "d:\UTD\UTDFall2024\URLShortner\env\lib\site-packages\sqlalchemy\sql\compiler.py", line 1429, in __init__
    Compiled.__init__(self, dialect, statement, **kwargs)
  File "d:\UTD\UTDFall2024\URLShortner\env\lib\site-packages\sqlalchemy\sql\compiler.py", line 870, in __init__
    self.string = self.process(self.statement, **compile_kwargs)
  File "d:\UTD\UTDFall2024\URLShortner\env\lib\site-packages\sqlalchemy\sql\compiler.py", line 915, in process
    return obj._compiler_dispatch(self, **kwargs)
  File "d:\UTD\UTDFall2024\URLShortner\env\lib\site-packages\sqlalchemy\sql\visitors.py", line 141, in _compiler_dispatch
    return meth(self, **kw)  # type: ignore  # noqa: E501
  File "d:\UTD\UTDFall2024\URLShortner\env\lib\site-packages\sqlalchemy\sql\compiler.py", line 4824, in visit_select
    text = self._compose_select_body(
  File "d:\UTD\UTDFall2024\URLShortner\env\lib\site-packages\sqlalchemy\sql\compiler.py", line 5007, in _compose_select_body
    text += self.order_by_clause(select, **kwargs)
  File "d:\UTD\UTDFall2024\URLShortner\env\lib\site-packages\sqlalchemy\sql\compiler.py", line 5116, in order_by_clause
    order_by = self._generate_delimited_list(
  File "d:\UTD\UTDFall2024\URLShortner\env\lib\site-packages\sqlalchemy\sql\compiler.py", line 2752, in _generate_delimited_list
    return separator.join(
  File "d:\UTD\UTDFall2024\URLShortner\env\lib\site-packages\sqlalchemy\sql\compiler.py", line 2752, in <genexpr>
    return separator.join(
  File "d:\UTD\UTDFall2024\URLShortner\env\lib\site-packages\sqlalchemy\sql\compiler.py", line 2754, in <genexpr>
    for s in (c._compiler_dispatch(self, **kw) for c in elements)
  File "d:\UTD\UTDFall2024\URLShortner\env\lib\site-packages\sqlalchemy\sql\visitors.py", line 141, in _compiler_dispatch
    return meth(self, **kw)  # type: ignore  # noqa: E501
  File "d:\UTD\UTDFall2024\URLShortner\env\lib\site-packages\sqlalchemy\sql\compiler.py", line 2501, in visit_textual_label_reference
    coercions._no_text_coercion(
  File "d:\UTD\UTDFall2024\URLShortner\env\lib\site-packages\sqlalchemy\sql\coercions.py", line 585, in _no_text_coercion
    raise exc_cls(
sqlalchemy.exc.CompileError: Can't resolve label reference for ORDER BY / GROUP BY / DISTINCT etc. Textual SQL expression '-created_at' should be explicitly declared as text('-created_at')

2024-08-28 20:15:19,058 - INFO - 127.0.0.1 - - [28/Aug/2024 20:15:19] "[35m[1mPOST /shorten HTTP/1.1[0m" 500 -
2024-08-28 20:17:12,973 - INFO - [31m[1mWARNING: This is a development server. Do not use it in a production deployment. Use a production WSGI server instead.[0m
 * Running on http://127.0.0.1:5000
2024-08-28 20:17:12,974 - INFO - [33mPress CTRL+C to quit[0m
2024-08-28 20:17:24,099 - ERROR - Error in shorten_url route: name 'desc' is not defined
Traceback (most recent call last):
  File "D:\UTD\UTDFall2024\URLShortner\app.py", line 100, in shorten_url
    existing_mapping = URLMapping.query.filter_by(long_url=normalized_url).order_by(desc(URLMapping.created_at)).first()
NameError: name 'desc' is not defined

2024-08-28 20:17:24,108 - INFO - 127.0.0.1 - - [28/Aug/2024 20:17:24] "[35m[1mPOST /shorten HTTP/1.1[0m" 500 -
2024-08-28 20:18:16,167 - INFO - [31m[1mWARNING: This is a development server. Do not use it in a production deployment. Use a production WSGI server instead.[0m
 * Running on http://127.0.0.1:5000
2024-08-28 20:18:16,169 - INFO - [33mPress CTRL+C to quit[0m
2024-08-28 20:18:19,851 - INFO - 127.0.0.1 - - [28/Aug/2024 20:18:19] "POST /shorten HTTP/1.1" 200 -
2024-08-28 20:18:23,937 - INFO - 127.0.0.1 - - [28/Aug/2024 20:18:23] "[32mGET /y HTTP/1.1[0m" 302 -
2024-08-28 20:18:29,909 - INFO - 127.0.0.1 - - [28/Aug/2024 20:18:29] "[32mGET /y HTTP/1.1[0m" 302 -
2024-08-28 20:18:40,898 - INFO - 127.0.0.1 - - [28/Aug/2024 20:18:40] "[32mGET /y HTTP/1.1[0m" 302 -
2024-08-28 20:18:54,809 - INFO - 127.0.0.1 - - [28/Aug/2024 20:18:54] "POST /shorten HTTP/1.1" 200 -
2024-08-28 20:18:54,811 - INFO - 127.0.0.1 - - [28/Aug/2024 20:18:54] "POST /shorten HTTP/1.1" 200 -
2024-08-28 20:18:54,813 - INFO - 127.0.0.1 - - [28/Aug/2024 20:18:54] "POST /shorten HTTP/1.1" 200 -
2024-08-28 20:18:54,969 - INFO - 127.0.0.1 - - [28/Aug/2024 20:18:54] "POST /shorten HTTP/1.1" 200 -
2024-08-28 20:19:05,112 - INFO - 127.0.0.1 - - [28/Aug/2024 20:19:05] "POST /shorten HTTP/1.1" 200 -
2024-08-28 20:19:06,708 - INFO - 127.0.0.1 - - [28/Aug/2024 20:19:06] "[32mGET /z HTTP/1.1[0m" 302 -
2024-08-28 20:19:15,115 - INFO - 127.0.0.1 - - [28/Aug/2024 20:19:15] "POST /shorten HTTP/1.1" 200 -
2024-08-28 20:19:17,048 - INFO - 127.0.0.1 - - [28/Aug/2024 20:19:17] "[32mGET /y HTTP/1.1[0m" 302 -
2024-08-28 20:19:23,599 - INFO - 127.0.0.1 - - [28/Aug/2024 20:19:23] "POST /shorten HTTP/1.1" 200 -
2024-08-28 20:19:27,810 - INFO - 127.0.0.1 - - [28/Aug/2024 20:19:27] "[32mGET /A HTTP/1.1[0m" 302 -
2024-08-28 20:19:31,559 - INFO - 127.0.0.1 - - [28/Aug/2024 20:19:31] "POST /shorten HTTP/1.1" 200 -
2024-08-28 20:19:33,073 - INFO - 127.0.0.1 - - [28/Aug/2024 20:19:33] "[32mGET /A HTTP/1.1[0m" 302 -
2024-08-28 20:19:41,119 - INFO - 127.0.0.1 - - [28/Aug/2024 20:19:41] "POST /shorten HTTP/1.1" 200 -
2024-08-28 20:19:44,714 - INFO - 127.0.0.1 - - [28/Aug/2024 20:19:44] "POST /shorten HTTP/1.1" 200 -
2024-08-28 20:19:45,183 - INFO - 127.0.0.1 - - [28/Aug/2024 20:19:45] "POST /shorten HTTP/1.1" 200 -
2024-08-28 20:19:56,959 - INFO - 127.0.0.1 - - [28/Aug/2024 20:19:56] "POST /shorten HTTP/1.1" 200 -
2024-08-28 20:31:02,970 - INFO - 127.0.0.1 - - [28/Aug/2024 20:31:02] "POST /shorten HTTP/1.1" 200 -
2024-08-28 20:31:05,811 - INFO - 127.0.0.1 - - [28/Aug/2024 20:31:05] "[32mGET /C HTTP/1.1[0m" 302 -
2024-08-28 20:31:12,994 - INFO - 127.0.0.1 - - [28/Aug/2024 20:31:12] "POST /shorten HTTP/1.1" 200 -
2024-08-28 20:31:14,545 - INFO - 127.0.0.1 - - [28/Aug/2024 20:31:14] "[32mGET /C HTTP/1.1[0m" 302 -
2024-08-28 20:31:20,156 - INFO - 127.0.0.1 - - [28/Aug/2024 20:31:20] "POST /shorten HTTP/1.1" 200 -
2024-08-28 20:31:22,471 - INFO - 127.0.0.1 - - [28/Aug/2024 20:31:22] "[32mGET /C HTTP/1.1[0m" 302 -
2024-08-28 20:31:27,924 - INFO - 127.0.0.1 - - [28/Aug/2024 20:31:27] "GET / HTTP/1.1" 200 -
2024-08-28 20:31:37,745 - INFO - 127.0.0.1 - - [28/Aug/2024 20:31:37] "POST /shorten HTTP/1.1" 200 -
2024-08-28 20:31:47,778 - INFO - 127.0.0.1 - - [28/Aug/2024 20:31:47] "POST /shorten HTTP/1.1" 200 -
2024-08-28 20:31:54,913 - INFO - 127.0.0.1 - - [28/Aug/2024 20:31:54] "[32mGET /E HTTP/1.1[0m" 302 -
2024-08-28 20:32:06,820 - INFO - 127.0.0.1 - - [28/Aug/2024 20:32:06] "POST /shorten HTTP/1.1" 200 -
2024-08-28 20:32:26,430 - INFO - 127.0.0.1 - - [28/Aug/2024 20:32:26] "[31m[1mPOST /shorten HTTP/1.1[0m" 400 -
2024-08-28 20:32:35,217 - INFO - 127.0.0.1 - - [28/Aug/2024 20:32:35] "POST /shorten HTTP/1.1" 200 -
2024-08-28 20:32:38,745 - INFO - 127.0.0.1 - - [28/Aug/2024 20:32:38] "[32mGET /G HTTP/1.1[0m" 302 -
2024-08-28 20:36:21,543 - INFO - [31m[1mWARNING: This is a development server. Do not use it in a production deployment. Use a production WSGI server instead.[0m
 * Running on http://127.0.0.1:5000
2024-08-28 20:36:21,547 - INFO - [33mPress CTRL+C to quit[0m
2024-08-28 20:36:32,950 - INFO - 127.0.0.1 - - [28/Aug/2024 20:36:32] "[31m[1mGET /C HTTP/1.1[0m" 410 -
2024-08-28 20:36:36,293 - INFO - 127.0.0.1 - - [28/Aug/2024 20:36:36] "POST /shorten HTTP/1.1" 200 -
2024-08-28 20:36:37,387 - INFO - 127.0.0.1 - - [28/Aug/2024 20:36:37] "[32mGET /H HTTP/1.1[0m" 302 -
2024-08-28 20:36:43,727 - INFO - 127.0.0.1 - - [28/Aug/2024 20:36:43] "[31m[1mPOST /shorten HTTP/1.1[0m" 400 -
2024-08-28 20:36:48,123 - INFO - 127.0.0.1 - - [28/Aug/2024 20:36:48] "POST /shorten HTTP/1.1" 200 -
2024-08-28 20:36:53,114 - INFO - 127.0.0.1 - - [28/Aug/2024 20:36:53] "[32mGET /I HTTP/1.1[0m" 302 -
2024-08-28 20:37:10,093 - INFO - 127.0.0.1 - - [28/Aug/2024 20:37:10] "POST /shorten HTTP/1.1" 200 -
2024-08-28 20:37:12,024 - INFO - 127.0.0.1 - - [28/Aug/2024 20:37:12] "[32mGET /J HTTP/1.1[0m" 302 -
2024-08-28 20:43:49,319 - INFO - [31m[1mWARNING: This is a development server. Do not use it in a production deployment. Use a production WSGI server instead.[0m
 * Running on http://127.0.0.1:5000
2024-08-28 20:43:49,320 - INFO - [33mPress CTRL+C to quit[0m
2024-08-28 20:44:36,959 - INFO - [31m[1mWARNING: This is a development server. Do not use it in a production deployment. Use a production WSGI server instead.[0m
 * Running on http://127.0.0.1:5000
2024-08-28 20:44:36,962 - INFO - [33mPress CTRL+C to quit[0m
2024-08-28 20:44:44,206 - INFO - 127.0.0.1 - - [28/Aug/2024 20:44:44] "[31m[1mPOST /shorten HTTP/1.1[0m" 400 -
2024-08-28 20:44:49,464 - INFO - 127.0.0.1 - - [28/Aug/2024 20:44:49] "[31m[1mPOST /shorten HTTP/1.1[0m" 400 -
2024-08-28 20:44:58,720 - INFO - 127.0.0.1 - - [28/Aug/2024 20:44:58] "POST /shorten HTTP/1.1" 200 -
2024-08-28 20:45:00,370 - INFO - 127.0.0.1 - - [28/Aug/2024 20:45:00] "[32mGET /K HTTP/1.1[0m" 302 -
2024-08-28 20:45:13,141 - INFO - 127.0.0.1 - - [28/Aug/2024 20:45:13] "[31m[1mPOST /shorten HTTP/1.1[0m" 400 -
2024-08-28 20:45:23,700 - INFO - 127.0.0.1 - - [28/Aug/2024 20:45:23] "[31m[1mPOST /shorten HTTP/1.1[0m" 400 -
2024-08-28 20:45:26,983 - INFO - 127.0.0.1 - - [28/Aug/2024 20:45:26] "[31m[1mPOST /shorten HTTP/1.1[0m" 400 -
2024-08-28 20:45:37,221 - INFO - 127.0.0.1 - - [28/Aug/2024 20:45:37] "[31m[1mPOST /shorten HTTP/1.1[0m" 400 -
2024-08-28 20:45:41,488 - INFO - 127.0.0.1 - - [28/Aug/2024 20:45:41] "[31m[1mPOST /shorten HTTP/1.1[0m" 400 -
2024-08-28 20:45:54,532 - INFO - 127.0.0.1 - - [28/Aug/2024 20:45:54] "POST /shorten HTTP/1.1" 200 -
2024-08-28 20:45:58,239 - INFO - 127.0.0.1 - - [28/Aug/2024 20:45:58] "POST /shorten HTTP/1.1" 200 -
2024-08-28 20:46:03,281 - INFO - 127.0.0.1 - - [28/Aug/2024 20:46:03] "POST /shorten HTTP/1.1" 200 -
2024-08-28 20:46:07,711 - INFO - 127.0.0.1 - - [28/Aug/2024 20:46:07] "POST /shorten HTTP/1.1" 200 -
2024-08-28 20:46:12,387 - INFO - 127.0.0.1 - - [28/Aug/2024 20:46:12] "POST /shorten HTTP/1.1" 200 -
2024-08-28 20:46:23,697 - INFO - 127.0.0.1 - - [28/Aug/2024 20:46:23] "POST /shorten HTTP/1.1" 200 -
2024-08-28 20:47:28,929 - INFO - 127.0.0.1 - - [28/Aug/2024 20:47:28] "[31m[1mGET /L HTTP/1.1[0m" 410 -
2024-08-28 20:48:10,868 - INFO - 127.0.0.1 - - [28/Aug/2024 20:48:10] "POST /shorten HTTP/1.1" 200 -
2024-08-28 20:48:12,484 - INFO - 127.0.0.1 - - [28/Aug/2024 20:48:12] "[32mGET /N HTTP/1.1[0m" 302 -
2024-08-28 20:48:45,736 - INFO - 127.0.0.1 - - [28/Aug/2024 20:48:45] "[32mGET /N HTTP/1.1[0m" 302 -
2024-08-28 21:07:55,728 - INFO - 127.0.0.1 - - [28/Aug/2024 21:07:55] "GET / HTTP/1.1" 200 -
2024-08-28 21:07:56,916 - INFO - 127.0.0.1 - - [28/Aug/2024 21:07:56] "[33mGET /favicon.ico HTTP/1.1[0m" 404 -
2024-08-29 07:32:17,526 - INFO - [31m[1mWARNING: This is a development server. Do not use it in a production deployment. Use a production WSGI server instead.[0m
 * Running on http://127.0.0.1:5000
2024-08-29 07:32:17,535 - INFO - [33mPress CTRL+C to quit[0m
2024-08-29 07:32:17,546 - INFO -  * Restarting with stat
2024-08-29 07:32:18,457 - WARNING -  * Debugger is active!
2024-08-29 07:32:18,468 - INFO -  * Debugger PIN: 881-443-370
2024-08-29 07:32:35,626 - INFO - 127.0.0.1 - - [29/Aug/2024 07:32:35] "GET / HTTP/1.1" 200 -
2024-08-29 07:32:36,239 - INFO - 127.0.0.1 - - [29/Aug/2024 07:32:36] "[33mGET /favicon.ico HTTP/1.1[0m" 404 -
2024-08-29 07:32:48,181 - INFO - 127.0.0.1 - - [29/Aug/2024 07:32:48] "POST /shorten HTTP/1.1" 200 -
2024-08-29 07:32:51,680 - INFO - 127.0.0.1 - - [29/Aug/2024 07:32:51] "[32mGET /O HTTP/1.1[0m" 302 -
2024-08-29 07:32:54,117 - INFO - 127.0.0.1 - - [29/Aug/2024 07:32:54] "POST /shorten HTTP/1.1" 200 -
2024-08-29 07:32:54,774 - INFO - 127.0.0.1 - - [29/Aug/2024 07:32:54] "[32mGET /O HTTP/1.1[0m" 302 -
2024-08-29 07:33:00,690 - INFO - 127.0.0.1 - - [29/Aug/2024 07:33:00] "[31m[1mPOST /shorten HTTP/1.1[0m" 400 -
2024-08-29 07:39:21,634 - INFO - [31m[1mWARNING: This is a development server. Do not use it in a production deployment. Use a production WSGI server instead.[0m
 * Running on http://127.0.0.1:5000
2024-08-29 07:39:21,635 - INFO - [33mPress CTRL+C to quit[0m
2024-08-29 07:39:21,636 - INFO -  * Restarting with stat
2024-08-29 07:39:22,510 - WARNING -  * Debugger is active!
2024-08-29 07:39:22,522 - INFO -  * Debugger PIN: 881-443-370
2024-08-29 07:39:31,438 - INFO - 127.0.0.1 - - [29/Aug/2024 07:39:31] "GET / HTTP/1.1" 200 -
2024-08-29 07:39:34,622 - INFO - 127.0.0.1 - - [29/Aug/2024 07:39:34] "POST /shorten HTTP/1.1" 200 -
2024-08-29 07:39:36,336 - INFO - 127.0.0.1 - - [29/Aug/2024 07:39:36] "[32mGET /P HTTP/1.1[0m" 302 -
2024-08-29 08:05:57,646 - INFO - [31m[1mWARNING: This is a development server. Do not use it in a production deployment. Use a production WSGI server instead.[0m
 * Running on http://127.0.0.1:5000
2024-08-29 08:05:57,647 - INFO - [33mPress CTRL+C to quit[0m
2024-08-29 08:05:57,649 - INFO -  * Restarting with stat
2024-08-29 08:05:58,684 - WARNING -  * Debugger is active!
2024-08-29 08:05:58,698 - INFO -  * Debugger PIN: 881-443-370
2024-08-29 08:06:01,200 - INFO - 127.0.0.1 - - [29/Aug/2024 08:06:01] "GET / HTTP/1.1" 200 -
2024-08-29 08:06:05,313 - INFO - 127.0.0.1 - - [29/Aug/2024 08:06:05] "POST /shorten HTTP/1.1" 200 -
2024-08-29 08:07:51,618 - INFO - [31m[1mWARNING: This is a development server. Do not use it in a production deployment. Use a production WSGI server instead.[0m
 * Running on http://127.0.0.1:5000
2024-08-29 08:07:51,618 - INFO - [33mPress CTRL+C to quit[0m
2024-08-29 08:07:51,623 - INFO -  * Restarting with stat
2024-08-29 08:07:52,483 - WARNING -  * Debugger is active!
2024-08-29 08:07:52,494 - INFO -  * Debugger PIN: 881-443-370
2024-08-29 08:08:01,573 - INFO - 127.0.0.1 - - [29/Aug/2024 08:08:01] "GET / HTTP/1.1" 200 -
2024-08-29 08:08:05,504 - INFO - 127.0.0.1 - - [29/Aug/2024 08:08:05] "POST /shorten HTTP/1.1" 200 -
2024-08-29 08:08:06,736 - INFO - 127.0.0.1 - - [29/Aug/2024 08:08:06] "[32mGET /R HTTP/1.1[0m" 302 -
2024-08-29 08:11:34,466 - INFO - [31m[1mWARNING: This is a development server. Do not use it in a production deployment. Use a production WSGI server instead.[0m
 * Running on http://127.0.0.1:5000
2024-08-29 08:11:34,467 - INFO - [33mPress CTRL+C to quit[0m
2024-08-29 08:11:34,469 - INFO -  * Restarting with stat
2024-08-29 08:11:35,371 - WARNING -  * Debugger is active!
2024-08-29 08:11:35,382 - INFO -  * Debugger PIN: 881-443-370
2024-08-29 08:11:40,802 - INFO - 127.0.0.1 - - [29/Aug/2024 08:11:40] "GET / HTTP/1.1" 200 -
2024-08-29 08:11:43,632 - INFO - 127.0.0.1 - - [29/Aug/2024 08:11:43] "POST /shorten HTTP/1.1" 200 -
2024-08-29 08:11:45,031 - INFO - 127.0.0.1 - - [29/Aug/2024 08:11:45] "[32mGET /S HTTP/1.1[0m" 302 -
2024-08-29 08:12:06,365 - INFO - [31m[1mWARNING: This is a development server. Do not use it in a production deployment. Use a production WSGI server instead.[0m
 * Running on http://127.0.0.1:5000
2024-08-29 08:12:06,365 - INFO - [33mPress CTRL+C to quit[0m
2024-08-29 08:12:06,370 - INFO -  * Restarting with stat
2024-08-29 08:12:07,344 - WARNING -  * Debugger is active!
2024-08-29 08:12:07,355 - INFO -  * Debugger PIN: 881-443-370
2024-08-29 08:12:09,974 - INFO - 127.0.0.1 - - [29/Aug/2024 08:12:09] "POST /shorten HTTP/1.1" 200 -
2024-08-29 08:12:12,286 - INFO - 127.0.0.1 - - [29/Aug/2024 08:12:12] "[32mGET /S HTTP/1.1[0m" 302 -
2024-08-29 08:14:45,004 - INFO - 127.0.0.1 - - [29/Aug/2024 08:14:45] "POST /shorten HTTP/1.1" 200 -
2024-08-29 08:14:45,907 - INFO - 127.0.0.1 - - [29/Aug/2024 08:14:45] "POST /shorten HTTP/1.1" 200 -
2024-08-29 08:14:46,428 - INFO - 127.0.0.1 - - [29/Aug/2024 08:14:46] "POST /shorten HTTP/1.1" 200 -
2024-08-29 08:17:30,979 - INFO -  * Detected change in 'D:\\UTD\\UTDFall2024\\URLShortner\\app.py', reloading
2024-08-29 08:17:31,125 - INFO -  * Restarting with stat
2024-08-29 08:17:32,048 - WARNING -  * Debugger is active!
2024-08-29 08:17:32,059 - INFO -  * Debugger PIN: 881-443-370
2024-08-29 08:23:11,275 - INFO -  * Detected change in 'D:\\UTD\\UTDFall2024\\URLShortner\\show_db.py', reloading
2024-08-29 08:23:11,428 - INFO -  * Restarting with stat
2024-08-29 08:23:12,764 - WARNING -  * Debugger is active!
2024-08-29 08:23:12,773 - INFO -  * Debugger PIN: 881-443-370
2024-08-29 08:33:12,438 - INFO -  * Detected change in 'D:\\UTD\\UTDFall2024\\URLShortner\\app.py', reloading
2024-08-29 08:33:12,537 - INFO -  * Restarting with stat
2024-08-29 08:33:13,551 - WARNING -  * Debugger is active!
2024-08-29 08:33:13,565 - INFO -  * Debugger PIN: 881-443-370
2024-08-29 08:33:20,055 - INFO - [31m[1mWARNING: This is a development server. Do not use it in a production deployment. Use a production WSGI server instead.[0m
 * Running on http://127.0.0.1:5000
2024-08-29 08:33:20,055 - INFO - [33mPress CTRL+C to quit[0m
2024-08-29 08:33:20,057 - INFO -  * Restarting with stat
2024-08-29 08:33:20,942 - WARNING -  * Debugger is active!
2024-08-29 08:33:20,952 - INFO -  * Debugger PIN: 881-443-370
2024-08-29 08:34:15,771 - INFO -  * Detected change in 'D:\\UTD\\UTDFall2024\\URLShortner\\app.py', reloading
2024-08-29 08:34:15,878 - INFO -  * Restarting with stat
2024-08-29 08:34:16,873 - WARNING -  * Debugger is active!
2024-08-29 08:34:16,888 - INFO -  * Debugger PIN: 881-443-370
2024-08-29 08:34:42,729 - INFO -  * Detected change in 'D:\\UTD\\UTDFall2024\\URLShortner\\show_db.py', reloading
2024-08-29 08:34:42,833 - INFO -  * Restarting with stat
2024-08-29 08:34:43,679 - WARNING -  * Debugger is active!
2024-08-29 08:34:43,688 - INFO -  * Debugger PIN: 881-443-370
2024-08-29 08:34:46,817 - INFO -  * Detected change in 'D:\\UTD\\UTDFall2024\\URLShortner\\app.py', reloading
2024-08-29 08:34:46,958 - INFO -  * Restarting with stat
2024-08-29 08:34:47,938 - WARNING -  * Debugger is active!
2024-08-29 08:34:47,950 - INFO -  * Debugger PIN: 881-443-370
2024-08-29 08:34:54,169 - INFO - [31m[1mWARNING: This is a development server. Do not use it in a production deployment. Use a production WSGI server instead.[0m
 * Running on http://127.0.0.1:5000
2024-08-29 08:34:54,169 - INFO - [33mPress CTRL+C to quit[0m
2024-08-29 08:34:54,171 - INFO -  * Restarting with stat
2024-08-29 08:34:55,029 - WARNING -  * Debugger is active!
2024-08-29 08:34:55,039 - INFO -  * Debugger PIN: 881-443-370
2024-08-29 08:35:01,487 - INFO - 127.0.0.1 - - [29/Aug/2024 08:35:01] "GET / HTTP/1.1" 200 -
2024-08-29 08:35:06,957 - INFO - 127.0.0.1 - - [29/Aug/2024 08:35:06] "POST /shorten HTTP/1.1" 200 -
2024-08-29 08:35:08,420 - INFO - 127.0.0.1 - - [29/Aug/2024 08:35:08] "[32mGET /U HTTP/1.1[0m" 302 -
2024-08-29 08:40:26,951 - INFO - [31m[1mWARNING: This is a development server. Do not use it in a production deployment. Use a production WSGI server instead.[0m
 * Running on http://127.0.0.1:5000
2024-08-29 08:40:26,951 - INFO - [33mPress CTRL+C to quit[0m
2024-08-29 08:40:26,953 - INFO -  * Restarting with stat
2024-08-29 08:40:28,113 - WARNING -  * Debugger is active!
2024-08-29 08:40:28,127 - INFO -  * Debugger PIN: 881-443-370
2024-08-29 08:40:32,543 - INFO - 127.0.0.1 - - [29/Aug/2024 08:40:32] "GET / HTTP/1.1" 200 -
2024-08-29 08:40:35,654 - INFO - 127.0.0.1 - - [29/Aug/2024 08:40:35] "POST /shorten HTTP/1.1" 200 -
2024-08-29 08:40:36,717 - INFO - 127.0.0.1 - - [29/Aug/2024 08:40:36] "[32mGET /V HTTP/1.1[0m" 302 -
2024-08-29 08:40:53,278 - INFO -  * Detected change in 'D:\\UTD\\UTDFall2024\\URLShortner\\show_db.py', reloading
2024-08-29 08:40:53,431 - INFO -  * Restarting with stat
2024-08-29 08:42:07,549 - INFO - [31m[1mWARNING: This is a development server. Do not use it in a production deployment. Use a production WSGI server instead.[0m
 * Running on http://127.0.0.1:5000
2024-08-29 08:42:07,549 - INFO - [33mPress CTRL+C to quit[0m
2024-08-29 08:42:07,551 - INFO -  * Restarting with stat
2024-08-29 08:42:08,681 - WARNING -  * Debugger is active!
2024-08-29 08:42:08,689 - INFO -  * Debugger PIN: 881-443-370
2024-08-29 08:42:16,569 - INFO - 127.0.0.1 - - [29/Aug/2024 08:42:16] "GET / HTTP/1.1" 200 -
2024-08-29 08:42:24,823 - INFO - 127.0.0.1 - - [29/Aug/2024 08:42:24] "GET / HTTP/1.1" 200 -
2024-08-29 08:42:28,456 - INFO - 127.0.0.1 - - [29/Aug/2024 08:42:28] "POST /shorten HTTP/1.1" 200 -
2024-08-29 08:42:30,021 - INFO - 127.0.0.1 - - [29/Aug/2024 08:42:30] "[32mGET /W HTTP/1.1[0m" 302 -
2024-08-29 08:57:14,613 - INFO - [31m[1mWARNING: This is a development server. Do not use it in a production deployment. Use a production WSGI server instead.[0m
 * Running on http://127.0.0.1:5000
2024-08-29 08:57:14,614 - INFO - [33mPress CTRL+C to quit[0m
2024-08-29 08:57:33,490 - INFO - [31m[1mWARNING: This is a development server. Do not use it in a production deployment. Use a production WSGI server instead.[0m
 * Running on http://127.0.0.1:5000
2024-08-29 08:57:33,491 - INFO - [33mPress CTRL+C to quit[0m
2024-08-29 09:00:32,244 - INFO - [31m[1mWARNING: This is a development server. Do not use it in a production deployment. Use a production WSGI server instead.[0m
 * Running on http://127.0.0.1:5000
2024-08-29 09:00:32,244 - INFO - [33mPress CTRL+C to quit[0m
2024-08-29 09:00:32,247 - INFO -  * Restarting with stat
2024-08-29 09:00:33,281 - WARNING -  * Debugger is active!
2024-08-29 09:00:33,297 - INFO -  * Debugger PIN: 881-443-370
2024-08-29 09:00:46,498 - INFO - 127.0.0.1 - - [29/Aug/2024 09:00:46] "GET / HTTP/1.1" 200 -
2024-08-29 09:00:49,516 - INFO - 127.0.0.1 - - [29/Aug/2024 09:00:49] "[31m[1mPOST /shorten HTTP/1.1[0m" 400 -
2024-08-29 09:00:53,170 - INFO - 127.0.0.1 - - [29/Aug/2024 09:00:53] "POST /shorten HTTP/1.1" 200 -
2024-08-29 09:00:53,176 - INFO - 127.0.0.1 - - [29/Aug/2024 09:00:53] "POST /shorten HTTP/1.1" 200 -
2024-08-29 09:00:53,178 - INFO - 127.0.0.1 - - [29/Aug/2024 09:00:53] "POST /shorten HTTP/1.1" 200 -
2024-08-29 09:00:53,366 - INFO - 127.0.0.1 - - [29/Aug/2024 09:00:53] "POST /shorten HTTP/1.1" 200 -
2024-08-29 09:00:54,462 - INFO - 127.0.0.1 - - [29/Aug/2024 09:00:54] "POST /shorten HTTP/1.1" 200 -
2024-08-29 09:00:59,623 - INFO - 127.0.0.1 - - [29/Aug/2024 09:00:59] "POST /shorten HTTP/1.1" 200 -
2024-08-29 09:01:03,778 - INFO - 127.0.0.1 - - [29/Aug/2024 09:01:03] "[31m[1mPOST /shorten HTTP/1.1[0m" 400 -
2024-08-29 09:01:07,951 - INFO - 127.0.0.1 - - [29/Aug/2024 09:01:07] "POST /shorten HTTP/1.1" 200 -
2024-08-29 09:01:10,080 - INFO - 127.0.0.1 - - [29/Aug/2024 09:01:10] "[32mGET /X HTTP/1.1[0m" 302 -
2024-08-29 09:02:11,574 - INFO - 127.0.0.1 - - [29/Aug/2024 09:02:11] "POST /shorten HTTP/1.1" 200 -
2024-08-29 09:02:18,931 - INFO - 127.0.0.1 - - [29/Aug/2024 09:02:18] "POST /shorten HTTP/1.1" 200 -
2024-08-29 09:03:10,912 - INFO - [31m[1mWARNING: This is a development server. Do not use it in a production deployment. Use a production WSGI server instead.[0m
 * Running on http://127.0.0.1:5000
2024-08-29 09:03:10,913 - INFO - [33mPress CTRL+C to quit[0m
2024-08-29 09:06:11,630 - INFO - [31m[1mWARNING: This is a development server. Do not use it in a production deployment. Use a production WSGI server instead.[0m
 * Running on http://127.0.0.1:5000
2024-08-29 09:06:11,631 - INFO - [33mPress CTRL+C to quit[0m
2024-08-29 09:08:05,868 - INFO - 127.0.0.1 - - [29/Aug/2024 09:08:05] "POST /shorten HTTP/1.1" 200 -
2024-08-29 09:08:06,291 - INFO - 127.0.0.1 - - [29/Aug/2024 09:08:06] "POST /shorten HTTP/1.1" 200 -
2024-08-29 09:08:15,505 - INFO - 127.0.0.1 - - [29/Aug/2024 09:08:15] "POST /shorten HTTP/1.1" 200 -
2024-08-29 09:08:22,283 - INFO - 127.0.0.1 - - [29/Aug/2024 09:08:22] "POST /shorten HTTP/1.1" 200 -
2024-08-29 09:08:23,052 - INFO - 127.0.0.1 - - [29/Aug/2024 09:08:23] "POST /shorten HTTP/1.1" 200 -
2024-08-29 09:08:23,236 - INFO - 127.0.0.1 - - [29/Aug/2024 09:08:23] "POST /shorten HTTP/1.1" 200 -
2024-08-29 09:08:23,313 - INFO - 127.0.0.1 - - [29/Aug/2024 09:08:23] "POST /shorten HTTP/1.1" 200 -
2024-08-29 09:08:23,401 - INFO - 127.0.0.1 - - [29/Aug/2024 09:08:23] "POST /shorten HTTP/1.1" 200 -
2024-08-29 09:08:25,422 - INFO - 127.0.0.1 - - [29/Aug/2024 09:08:25] "GET / HTTP/1.1" 200 -
2024-08-29 09:08:35,778 - INFO - [31m[1mWARNING: This is a development server. Do not use it in a production deployment. Use a production WSGI server instead.[0m
 * Running on http://127.0.0.1:5000
2024-08-29 09:08:35,778 - INFO - [33mPress CTRL+C to quit[0m
2024-08-29 09:08:35,781 - INFO -  * Restarting with stat
2024-08-29 09:08:36,887 - WARNING -  * Debugger is active!
2024-08-29 09:08:36,901 - INFO -  * Debugger PIN: 881-443-370
2024-08-29 09:08:48,704 - INFO - 127.0.0.1 - - [29/Aug/2024 09:08:48] "POST /shorten HTTP/1.1" 200 -
2024-08-29 09:08:50,243 - INFO - 127.0.0.1 - - [29/Aug/2024 09:08:50] "[32mGET /14 HTTP/1.1[0m" 302 -
2024-08-29 09:09:45,278 - INFO - 127.0.0.1 - - [29/Aug/2024 09:09:45] "POST /shorten HTTP/1.1" 200 -
2024-08-29 09:09:45,542 - INFO - 127.0.0.1 - - [29/Aug/2024 09:09:45] "POST /shorten HTTP/1.1" 200 -
2024-08-29 09:09:49,800 - INFO - 127.0.0.1 - - [29/Aug/2024 09:09:49] "POST /shorten HTTP/1.1" 200 -
2024-08-29 09:10:07,610 - INFO - 127.0.0.1 - - [29/Aug/2024 09:10:07] "[31m[1mGET /10 HTTP/1.1[0m" 410 -
2024-08-29 09:10:15,062 - INFO - 127.0.0.1 - - [29/Aug/2024 09:10:15] "[32mGET /15 HTTP/1.1[0m" 302 -
2024-08-29 09:11:17,593 - INFO -  * Detected change in 'D:\\UTD\\UTDFall2024\\URLShortner\\app.py', reloading
2024-08-29 09:11:17,749 - INFO -  * Restarting with stat
2024-08-29 09:33:26,966 - INFO - [31m[1mWARNING: This is a development server. Do not use it in a production deployment. Use a production WSGI server instead.[0m
 * Running on http://127.0.0.1:5000
2024-08-29 09:33:26,966 - INFO - [33mPress CTRL+C to quit[0m
2024-08-29 09:33:26,972 - INFO -  * Restarting with stat
2024-08-29 09:33:27,907 - WARNING -  * Debugger is active!
2024-08-29 09:33:27,923 - INFO -  * Debugger PIN: 881-443-370
2024-08-29 09:33:33,173 - INFO - 127.0.0.1 - - [29/Aug/2024 09:33:33] "GET / HTTP/1.1" 200 -
2024-08-29 09:33:35,650 - INFO - 127.0.0.1 - - [29/Aug/2024 09:33:35] "POST /shorten HTTP/1.1" 200 -
2024-08-29 09:33:38,229 - INFO - 127.0.0.1 - - [29/Aug/2024 09:33:38] "[32mGET /1 HTTP/1.1[0m" 302 -
